# JRE version: Java(TM) SE Runtime Environment (8.0_11-b12) (build 1.8.0_11-b12)
# Java VM: Java HotSpot(TM) 64-Bit Server VM (25.11-b03 mixed mode bsd-amd64 compressed oops)
Heap:
 PSYoungGen      total 12288K, used 11009K [0x0000000795580000, 0x0000000796980000, 0x00000007c0000000)
  eden space 10752K, 94% used [0x0000000795580000,0x0000000795f686a8,0x0000000796000000)
  from space 1536K, 56% used [0x0000000796000000,0x00000007960d8000,0x0000000796180000)
  to   space 1536K, 0% used [0x0000000796800000,0x0000000796800000,0x0000000796980000)
 ParOldGen       total 129536K, used 8594K [0x0000000740000000, 0x0000000747e80000, 0x0000000795580000)
  object space 129536K, 6% used [0x0000000740000000,0x0000000740864948,0x0000000747e80000)
 Metaspace       used 15809K, capacity 15972K, committed 16256K, reserved 1062912K
  class space    used 2331K, capacity 2366K, committed 2432K, reserved 1048576K
GC Heap History (10 events):
Event: 1.083 GC heap before
{Heap before GC invocations=9 (full 0):
 PSYoungGen      total 5120K, used 5039K [0x0000000795580000, 0x0000000795b80000, 0x00000007c0000000)
  eden space 4096K, 99% used [0x0000000795580000,0x0000000795977fa0,0x0000000795980000)
  from space 1024K, 95% used [0x0000000795a80000,0x0000000795b74040,0x0000000795b80000)
  to   space 1024K, 0% used [0x0000000795980000,0x0000000795980000,0x0000000795a80000)
 ParOldGen       total 129536K, used 788K [0x0000000740000000, 0x0000000747e80000, 0x0000000795580000)
  object space 129536K, 0% used [0x0000000740000000,0x00000007400c5060,0x0000000747e80000)
 Metaspace       used 8334K, capacity 8450K, committed 8576K, reserved 1056768K
  class space    used 1075K, capacity 1110K, committed 1152K, reserved 1048576K
Event: 1.089 GC heap after
Heap after GC invocations=9 (full 0):
 PSYoungGen      total 5120K, used 992K [0x0000000795580000, 0x0000000795f00000, 0x00000007c0000000)
  eden space 4096K, 0% used [0x0000000795580000,0x0000000795580000,0x0000000795980000)
  from space 1024K, 96% used [0x0000000795980000,0x0000000795a78020,0x0000000795a80000)
  to   space 1536K, 0% used [0x0000000795d80000,0x0000000795d80000,0x0000000795f00000)
 ParOldGen       total 129536K, used 1164K [0x0000000740000000, 0x0000000747e80000, 0x0000000795580000)
  object space 129536K, 0% used [0x0000000740000000,0x0000000740123070,0x0000000747e80000)
 Metaspace       used 8334K, capacity 8450K, committed 8576K, reserved 1056768K
  class space    used 1075K, capacity 1110K, committed 1152K, reserved 1048576K
}
Event: 1.223 GC heap before
{Heap before GC invocations=10 (full 0):
 PSYoungGen      total 5120K, used 5088K [0x0000000795580000, 0x0000000795f00000, 0x00000007c0000000)
  eden space 4096K, 100% used [0x0000000795580000,0x0000000795980000,0x0000000795980000)
  from space 1024K, 96% used [0x0000000795980000,0x0000000795a78020,0x0000000795a80000)
  to   space 1536K, 0% used [0x0000000795d80000,0x0000000795d80000,0x0000000795f00000)
 ParOldGen       total 129536K, used 1164K [0x0000000740000000, 0x0000000747e80000, 0x0000000795580000)
  object space 129536K, 0% used [0x0000000740000000,0x0000000740123070,0x0000000747e80000)
 Metaspace       used 9610K, capacity 9768K, committed 9856K, reserved 1058816K
  class space    used 1301K, capacity 1335K, committed 1408K, reserved 1048576K
Event: 1.225 GC heap after
Heap after GC invocations=10 (full 0):
 PSYoungGen      total 8192K, used 1344K [0x0000000795580000, 0x0000000795f00000, 0x00000007c0000000)
  eden space 6656K, 0% used [0x0000000795580000,0x0000000795580000,0x0000000795c00000)
  from space 1536K, 87% used [0x0000000795d80000,0x0000000795ed0000,0x0000000795f00000)
  to   space 1536K, 0% used [0x0000000795c00000,0x0000000795c00000,0x0000000795d80000)
 ParOldGen       total 129536K, used 1836K [0x0000000740000000, 0x0000000747e80000, 0x0000000795580000)
  object space 129536K, 1% used [0x0000000740000000,0x00000007401cb0a0,0x0000000747e80000)
 Metaspace       used 9610K, capacity 9768K, committed 9856K, reserved 1058816K
  class space    used 1301K, capacity 1335K, committed 1408K, reserved 1048576K
}
Event: 2.033 GC heap before
{Heap before GC invocations=11 (full 0):
 PSYoungGen      total 8192K, used 8000K [0x0000000795580000, 0x0000000795f00000, 0x00000007c0000000)
  eden space 6656K, 100% used [0x0000000795580000,0x0000000795c00000,0x0000000795c00000)
  from space 1536K, 87% used [0x0000000795d80000,0x0000000795ed0000,0x0000000795f00000)
  to   space 1536K, 0% used [0x0000000795c00000,0x0000000795c00000,0x0000000795d80000)
 ParOldGen       total 129536K, used 1836K [0x0000000740000000, 0x0000000747e80000, 0x0000000795580000)
  object space 129536K, 1% used [0x0000000740000000,0x00000007401cb0a0,0x0000000747e80000)
 Metaspace       used 11867K, capacity 12008K, committed 12288K, reserved 1060864K
  class space    used 1678K, capacity 1719K, committed 1792K, reserved 1048576K
Event: 2.036 GC heap after
Heap after GC invocations=11 (full 0):
 PSYoungGen      total 8192K, used 1152K [0x0000000795580000, 0x0000000796300000, 0x00000007c0000000)
  eden space 6656K, 0% used [0x0000000795580000,0x0000000795580000,0x0000000795c00000)
  from space 1536K, 75% used [0x0000000795c00000,0x0000000795d20000,0x0000000795d80000)
  to   space 1536K, 0% used [0x0000000796180000,0x0000000796180000,0x0000000796300000)
 ParOldGen       total 129536K, used 3100K [0x0000000740000000, 0x0000000747e80000, 0x0000000795580000)
  object space 129536K, 2% used [0x0000000740000000,0x00000007403070b0,0x0000000747e80000)
 Metaspace       used 11867K, capacity 12008K, committed 12288K, reserved 1060864K
  class space    used 1678K, capacity 1719K, committed 1792K, reserved 1048576K
}
Event: 2.491 GC heap before
{Heap before GC invocations=12 (full 0):
 PSYoungGen      total 8192K, used 7808K [0x0000000795580000, 0x0000000796300000, 0x00000007c0000000)
  eden space 6656K, 100% used [0x0000000795580000,0x0000000795c00000,0x0000000795c00000)
  from space 1536K, 75% used [0x0000000795c00000,0x0000000795d20000,0x0000000795d80000)
  to   space 1536K, 0% used [0x0000000796180000,0x0000000796180000,0x0000000796300000)
 ParOldGen       total 129536K, used 3100K [0x0000000740000000, 0x0000000747e80000, 0x0000000795580000)
  object space 129536K, 2% used [0x0000000740000000,0x00000007403070b0,0x0000000747e80000)
 Metaspace       used 13152K, capacity 13352K, committed 13440K, reserved 1060864K
  class space    used 1872K, capacity 1911K, committed 1920K, reserved 1048576K
Event: 2.495 GC heap after
Heap after GC invocations=12 (full 0):
 PSYoungGen      total 12288K, used 402K [0x0000000795580000, 0x0000000796300000, 0x00000007c0000000)
  eden space 10752K, 0% used [0x0000000795580000,0x0000000795580000,0x0000000796000000)
  from space 1536K, 26% used [0x0000000796180000,0x00000007961e4a80,0x0000000796300000)
  to   space 1536K, 0% used [0x0000000796000000,0x0000000796000000,0x0000000796180000)
 ParOldGen       total 129536K, used 8248K [0x0000000740000000, 0x0000000747e80000, 0x0000000795580000)
  object space 129536K, 6% used [0x0000000740000000,0x000000074080e1b0,0x0000000747e80000)
 Metaspace       used 13152K, capacity 13352K, committed 13440K, reserved 1060864K
  class space    used 1872K, capacity 1911K, committed 1920K, reserved 1048576K
}
Event: 6.999 GC heap before
{Heap before GC invocations=13 (full 0):
 PSYoungGen      total 12288K, used 11154K [0x0000000795580000, 0x0000000796300000, 0x00000007c0000000)
  eden space 10752K, 100% used [0x0000000795580000,0x0000000796000000,0x0000000796000000)
  from space 1536K, 26% used [0x0000000796180000,0x00000007961e4a80,0x0000000796300000)
  to   space 1536K, 0% used [0x0000000796000000,0x0000000796000000,0x0000000796180000)
 ParOldGen       total 129536K, used 8248K [0x0000000740000000, 0x0000000747e80000, 0x0000000795580000)
  object space 129536K, 6% used [0x0000000740000000,0x000000074080e1b0,0x0000000747e80000)
 Metaspace       used 15523K, capacity 15768K, committed 16000K, reserved 1062912K
  class space    used 2325K, capacity 2364K, committed 2432K, reserved 1048576K
Event: 7.001 GC heap after
Heap after GC invocations=13 (full 0):
 PSYoungGen      total 12288K, used 864K [0x0000000795580000, 0x0000000796980000, 0x00000007c0000000)
  eden space 10752K, 0% used [0x0000000795580000,0x0000000795580000,0x0000000796000000)
  from space 1536K, 56% used [0x0000000796000000,0x00000007960d8000,0x0000000796180000)
  to   space 1536K, 0% used [0x0000000796800000,0x0000000796800000,0x0000000796980000)
 ParOldGen       total 129536K, used 8594K [0x0000000740000000, 0x0000000747e80000, 0x0000000795580000)
  object space 129536K, 6% used [0x0000000740000000,0x0000000740864948,0x0000000747e80000)
 Metaspace       used 15523K, capacity 15768K, committed 16000K, reserved 1062912K
  class space    used 2325K, capacity 2364K, committed 2432K, reserved 1048576K
}

